<?xml version="1.0" encoding="UTF-8"?>
<!-- Generated by org.testng.reporters.JUnitReportReporter -->
<testsuite hostname="Ashwini" failures="0" tests="2" name="com.vedha.demotestng.Day1" time="0.003" errors="0" timestamp="2022-07-25T19:02:47 IST" skipped="0">
  <testcase classname="com.vedha.demotestng.Day1" name="day2" time="0.002"/>
  <system-out/>
  <testcase classname="com.vedha.demotestng.Day1" name="day1" time="0.001"/>
  <system-out/>
</testsuite> <!-- com.vedha.demotestng.Day1 -->
