<?xml version="1.0" encoding="UTF-8"?>
<!-- Generated by org.testng.reporters.JUnitReportReporter -->
<testsuite hostname="Ashwini" failures="0" tests="4" name="com.vedha.demotestng.Department" time="0.005" errors="0" timestamp="2022-07-25T19:02:47 IST" skipped="0">
  <testcase classname="com.vedha.demotestng.Department" name="manager" time="0.001"/>
  <system-out/>
  <testcase classname="com.vedha.demotestng.Department" name="testEngineer" time="0.001"/>
  <system-out/>
  <testcase classname="com.vedha.demotestng.Department" name="hr" time="0.001"/>
  <system-out/>
  <testcase classname="com.vedha.demotestng.Department" name="developer" time="0.002"/>
  <system-out/>
</testsuite> <!-- com.vedha.demotestng.Department -->
