<?xml version="1.0" encoding="UTF-8"?>
<!-- Generated by org.testng.reporters.JUnitReportReporter -->
<testsuite hostname="Ashwini" failures="0" tests="2" name="com.vedha.demotestng.Day2" time="0.007" errors="0" timestamp="2022-07-17T13:31:19 IST" skipped="1">
  <testcase classname="com.vedha.demotestng.Day2" name="day3" time="0.007"/>
  <system-out/>
  <testcase classname="com.vedha.demotestng.Day2" name="day4">
    <skipped/>
  </testcase> <!-- day4 -->
  <system-out/>
</testsuite> <!-- com.vedha.demotestng.Day2 -->
