<?xml version="1.0" encoding="UTF-8"?>
<!-- Generated by org.testng.reporters.JUnitReportReporter -->
<testsuite hostname="Ashwini" failures="0" tests="3" name="com.vedha.demotestng.Car" time="0.004" errors="0" timestamp="2022-07-25T19:02:47 IST" skipped="0">
  <testcase classname="com.vedha.demotestng.Car" name="WebLoginHomeLoan" time="0.001"/>
  <system-out/>
  <testcase classname="com.vedha.demotestng.Car" name="LoginApiHomeLoan" time="0.001"/>
  <system-out/>
  <testcase classname="com.vedha.demotestng.Car" name="MobileLoginHomeLoan" time="0.002"/>
  <system-out/>
</testsuite> <!-- com.vedha.demotestng.Car -->
