<?xml version="1.0" encoding="UTF-8"?>
<!-- Generated by org.testng.reporters.JUnitReportReporter -->
<testsuite hostname="Ashwini" failures="0" tests="2" name="com.vedha.test.NewTest" time="0.008" errors="0" timestamp="2022-07-25T19:02:47 IST" skipped="0">
  <testcase classname="com.vedha.test.NewTest" name="f" time="0.002"/>
  <system-out/>
  <testcase classname="com.vedha.test.NewTest" name="f" time="0.006"/>
  <system-out/>
</testsuite> <!-- com.vedha.test.NewTest -->
