<?xml version="1.0" encoding="UTF-8"?>
<!-- Generated by org.testng.reporters.JUnitReportReporter -->
<testsuite hostname="Ashwini" failures="0" tests="2" name="com.vedha.demotestng.DemoAnnotations" time="0.006" errors="0" timestamp="2022-07-17T10:59:58 IST" skipped="0">
  <testcase classname="com.vedha.demotestng.DemoAnnotations" name="day" time="0.005"/>
  <system-out/>
  <testcase classname="com.vedha.demotestng.DemoAnnotations" name="demo" time="0.001"/>
  <system-out/>
</testsuite> <!-- com.vedha.demotestng.DemoAnnotations -->
