<?xml version="1.0" encoding="UTF-8"?>
<!-- Generated by org.testng.reporters.JUnitReportReporter -->
<testsuite hostname="Ashwini" failures="0" tests="1" name="com.vedha.demooops.DemoOops" time="0.064" errors="0" timestamp="2022-07-30T09:33:11 IST" skipped="0">
  <testcase classname="com.vedha.demooops.DemoOops" name="ignore" time="0.064"/>
  <system-out/>
</testsuite> <!-- com.vedha.demooops.DemoOops -->
