<?xml version="1.0" encoding="UTF-8"?>
<!-- Generated by org.testng.reporters.JUnitReportReporter -->
<testsuite hostname="Ashwini" failures="0" tests="3" name="com.vedha.demotestng.Groups" time="0.004" errors="0" timestamp="2022-07-25T19:02:47 IST" skipped="0">
  <testcase classname="com.vedha.demotestng.Groups" name="test1" time="0.001"/>
  <system-out/>
  <testcase classname="com.vedha.demotestng.Groups" name="test3" time="0.001"/>
  <system-out/>
  <testcase classname="com.vedha.demotestng.Groups" name="test2" time="0.002"/>
  <system-out/>
</testsuite> <!-- com.vedha.demotestng.Groups -->
