<?xml version="1.0" encoding="UTF-8"?>
<!-- Generated by org.testng.reporters.JUnitReportReporter -->
<testsuite hostname="Ashwini" failures="0" tests="1" name="com.vedha.seleniumprograms.BrowserLaunching" time="18.628" errors="0" timestamp="2022-08-03T15:19:38 IST" skipped="0">
  <testcase classname="com.vedha.seleniumprograms.BrowserLaunching" name="testImplicitWait" time="18.628"/>
  <system-out/>
</testsuite> <!-- com.vedha.seleniumprograms.BrowserLaunching -->
